<?xml version="1.0" encoding="UTF-8"?>
<testng-results ignored="0" total="1" passed="1" failed="0" skipped="0">
  <reporter-output>
  </reporter-output>
  <suite started-at="2021-07-18T07:20:49Z" name="SnapDeal Testing" finished-at="2021-07-18T07:21:01Z" duration-ms="11681">
    <groups>
    </groups>
    <test started-at="2021-07-18T07:20:49Z" name="Functional Testing" finished-at="2021-07-18T07:21:01Z" duration-ms="11681">
      <class name="TestSuite.Snapdeal_Test">
        <test-method signature="test()[pri:0, instance:TestSuite.Snapdeal_Test@548e6d58]" started-at="2021-07-18T07:20:49Z" name="test" finished-at="2021-07-18T07:21:01Z" duration-ms="11652" status="PASS">
          <reporter-output>
          </reporter-output>
        </test-method> <!-- test -->
      </class> <!-- TestSuite.Snapdeal_Test -->
      <class name="Base.Base">
        <test-method is-config="true" signature="driverSetup()[pri:0, instance:Base.Base@2f465398]" started-at="2021-07-18T07:20:47Z" name="driverSetup" finished-at="2021-07-18T07:20:49Z" duration-ms="1744" status="PASS">
          <reporter-output>
          </reporter-output>
        </test-method> <!-- driverSetup -->
      </class> <!-- Base.Base -->
    </test> <!-- Functional Testing -->
  </suite> <!-- SnapDeal Testing -->
</testng-results>
